[23-May-2024 07:57:42 UTC] PHP Fatal error:  Uncaught Exception: Invalid connect data in C:\Users\ourzi\Local Sites\samconsulting\app\public\wp-content\plugins\image-optimization\classes\client\client-response.php:36
Stack trace:
#0 C:\Users\ourzi\Local Sites\samconsulting\app\public\wp-content\plugins\image-optimization\classes\client\client.php(104): ImageOptimization\Classes\Client\Client_Response->handle()
#1 C:\Users\ourzi\Local Sites\samconsulting\app\public\wp-content\plugins\image-optimization\modules\oauth\components\checkpoint.php(39): ImageOptimization\Classes\Client\Client->make_request('POST', 'status/checkpoi...', Array)
#2 C:\Users\ourzi\Local Sites\samconsulting\app\public\wp-includes\class-wp-hook.php(322): ImageOptimization\Modules\Oauth\Components\Checkpoint::event()
#3 C:\Users\ourzi\Local Sites\samconsulting\app\public\wp-includes\class-wp-hook.php(348): WP_Hook->apply_filters('', Array)
#4 C:\Users\ourzi\Local Sites\samconsulting\app\public\wp-includes\plugin.php(517): WP_Hook->do_action(Array)
#5 C:\Users\ourzi\Local Sites\samconsulting\app\public\wp-content\plugins\image-optimization\modules\oauth\components\connect.php(104): do_action('image-optimizer...')
#6 C:\Users\ourzi\Local Sites\samconsulting\app\public\wp-includes\class-wp-hook.php(324): ImageOptimization\Modules\Oauth\Components\Connect->handle_elementor_connect_admin('')
#7 C:\Users\ourzi\Local Sites\samconsulting\app\public\wp-includes\class-wp-hook.php(348): WP_Hook->apply_filters('', Array)
#8 C:\Users\ourzi\Local Sites\samconsulting\app\public\wp-includes\plugin.php(517): WP_Hook->do_action(Array)
#9 C:\Users\ourzi\Local Sites\samconsulting\app\public\wp-admin\includes\menu.php(41): do_action('_admin_menu')
#10 C:\Users\ourzi\Local Sites\samconsulting\app\public\wp-admin\menu.php(422): require_once('C:\\Users\\ourzi\\...')
#11 C:\Users\ourzi\Local Sites\samconsulting\app\public\wp-admin\admin.php(158): require('C:\\Users\\ourzi\\...')
#12 {main}
  thrown in C:\Users\ourzi\Local Sites\samconsulting\app\public\wp-content\plugins\image-optimization\classes\client\client-response.php on line 36
[23-May-2024 07:58:58 UTC] [Image Optimizer]: error in ImageOptimization\Modules\Oauth\Components\Connect::check_connect_status(): Status check error. Reason: Activation Request Failed!: Invalid activation
[23-May-2024 07:59:18 UTC] [Image Optimizer]: error in ImageOptimization\Modules\Oauth\Components\Connect::check_connect_status(): Status check error. Reason: Activation Request Failed!: Invalid activation
[23-May-2024 07:59:23 UTC] [Image Optimizer]: error in ImageOptimization\Modules\Oauth\Components\Connect::check_connect_status(): Status check error. Reason: Activation Request Failed!: Invalid activation
[23-May-2024 07:59:37 UTC] [Image Optimizer]: error in ImageOptimization\Modules\Oauth\Components\Connect::check_connect_status(): Status check error. Reason: Activation Request Failed!: Invalid activation
[23-May-2024 07:59:42 UTC] [Image Optimizer]: error in ImageOptimization\Modules\Oauth\Components\Connect::check_connect_status(): Status check error. Reason: Activation Request Failed!: Invalid activation
[23-May-2024 08:15:51 UTC] PHP Warning:  PHP Startup: Unable to load dynamic library 'php_imagick.dll' (tried: C:/Users/ourzi/AppData/Roaming/Local/lightning-services/php-8.1.23+0/bin/win64/ext\php_imagick.dll (Le module spécifié est introuvable), C:/Users/ourzi/AppData/Roaming/Local/lightning-services/php-8.1.23+0/bin/win64/ext\php_php_imagick.dll.dll (Le module spécifié est introuvable)) in Unknown on line 0
[23-May-2024 08:16:31 UTC] PHP Warning:  PHP Startup: Unable to load dynamic library 'php_imagick.dll' (tried: C:/Users/ourzi/AppData/Roaming/Local/lightning-services/php-8.1.23+0/bin/win64/ext\php_imagick.dll (Le module spécifié est introuvable), C:/Users/ourzi/AppData/Roaming/Local/lightning-services/php-8.1.23+0/bin/win64/ext\php_php_imagick.dll.dll (Le module spécifié est introuvable)) in Unknown on line 0
[23-May-2024 08:16:41 UTC] PHP Warning:  PHP Startup: Unable to load dynamic library 'php_imagick.dll' (tried: C:/Users/ourzi/AppData/Roaming/Local/lightning-services/php-8.1.23+0/bin/win64/ext\php_imagick.dll (Le module spécifié est introuvable), C:/Users/ourzi/AppData/Roaming/Local/lightning-services/php-8.1.23+0/bin/win64/ext\php_php_imagick.dll.dll (Le module spécifié est introuvable)) in Unknown on line 0
[23-May-2024 08:21:30 UTC] PHP Warning:  PHP Startup: Unable to load dynamic library 'php_imagick.dll' (tried: C:/Users/ourzi/AppData/Roaming/Local/lightning-services/php-8.1.23+0/bin/win64/ext\php_imagick.dll (Le module spécifié est introuvable), C:/Users/ourzi/AppData/Roaming/Local/lightning-services/php-8.1.23+0/bin/win64/ext\php_php_imagick.dll.dll (Le module spécifié est introuvable)) in Unknown on line 0
[23-May-2024 08:21:30 UTC] PHP Warning:  PHP Startup: Unable to load dynamic library 'php_imagick.dll' (tried: C:/Users/ourzi/AppData/Roaming/Local/lightning-services/php-8.1.23+0/bin/win64/ext\php_imagick.dll (Le module spécifié est introuvable), C:/Users/ourzi/AppData/Roaming/Local/lightning-services/php-8.1.23+0/bin/win64/ext\php_php_imagick.dll.dll (Le module spécifié est introuvable)) in Unknown on line 0
[23-May-2024 08:21:39 UTC] PHP Warning:  PHP Startup: Unable to load dynamic library 'php_imagick.dll' (tried: C:/Users/ourzi/AppData/Roaming/Local/lightning-services/php-8.1.23+0/bin/win64/ext\php_imagick.dll (Le module spécifié est introuvable), C:/Users/ourzi/AppData/Roaming/Local/lightning-services/php-8.1.23+0/bin/win64/ext\php_php_imagick.dll.dll (Le module spécifié est introuvable)) in Unknown on line 0
[23-May-2024 08:26:19 UTC] PHP Warning:  PHP Startup: Unable to load dynamic library 'php_imagick.dll' (tried: C:/Users/ourzi/AppData/Roaming/Local/lightning-services/php-8.1.23+0/bin/win64/ext\php_imagick.dll (Le module spécifié est introuvable), C:/Users/ourzi/AppData/Roaming/Local/lightning-services/php-8.1.23+0/bin/win64/ext\php_php_imagick.dll.dll (Le module spécifié est introuvable)) in Unknown on line 0
[23-May-2024 10:53:26 UTC] PHP Warning:  PHP Startup: Unable to load dynamic library 'php_imagick.dll' (tried: C:/Users/ourzi/AppData/Roaming/Local/lightning-services/php-8.1.23+0/bin/win64/ext\php_imagick.dll (Le module spécifié est introuvable), C:/Users/ourzi/AppData/Roaming/Local/lightning-services/php-8.1.23+0/bin/win64/ext\php_php_imagick.dll.dll (Le module spécifié est introuvable)) in Unknown on line 0
[23-May-2024 10:53:26 UTC] PHP Warning:  PHP Startup: Unable to load dynamic library 'php_imagick.dll' (tried: C:/Users/ourzi/AppData/Roaming/Local/lightning-services/php-8.1.23+0/bin/win64/ext\php_imagick.dll (Le module spécifié est introuvable), C:/Users/ourzi/AppData/Roaming/Local/lightning-services/php-8.1.23+0/bin/win64/ext\php_php_imagick.dll.dll (Le module spécifié est introuvable)) in Unknown on line 0
[23-May-2024 10:54:31 UTC] PHP Warning:  PHP Startup: Unable to load dynamic library 'php_imagick.dll' (tried: C:/Users/ourzi/AppData/Roaming/Local/lightning-services/php-8.1.23+0/bin/win64/ext\php_imagick.dll (Le module spécifié est introuvable), C:/Users/ourzi/AppData/Roaming/Local/lightning-services/php-8.1.23+0/bin/win64/ext\php_php_imagick.dll.dll (Le module spécifié est introuvable)) in Unknown on line 0
[23-May-2024 10:54:32 UTC] PHP Warning:  PHP Startup: Unable to load dynamic library 'php_imagick.dll' (tried: C:/Users/ourzi/AppData/Roaming/Local/lightning-services/php-8.1.23+0/bin/win64/ext\php_imagick.dll (Le module spécifié est introuvable), C:/Users/ourzi/AppData/Roaming/Local/lightning-services/php-8.1.23+0/bin/win64/ext\php_php_imagick.dll.dll (Le module spécifié est introuvable)) in Unknown on line 0
[23-May-2024 10:55:32 UTC] PHP Warning:  PHP Startup: Unable to load dynamic library 'php_imagick.dll' (tried: C:/Users/ourzi/AppData/Roaming/Local/lightning-services/php-8.1.23+0/bin/win64/ext\php_imagick.dll (Le module spécifié est introuvable), C:/Users/ourzi/AppData/Roaming/Local/lightning-services/php-8.1.23+0/bin/win64/ext\php_php_imagick.dll.dll (Le module spécifié est introuvable)) in Unknown on line 0
[23-May-2024 10:55:33 UTC] PHP Warning:  PHP Startup: Unable to load dynamic library 'php_imagick.dll' (tried: C:/Users/ourzi/AppData/Roaming/Local/lightning-services/php-8.1.23+0/bin/win64/ext\php_imagick.dll (Le module spécifié est introuvable), C:/Users/ourzi/AppData/Roaming/Local/lightning-services/php-8.1.23+0/bin/win64/ext\php_php_imagick.dll.dll (Le module spécifié est introuvable)) in Unknown on line 0
[23-May-2024 10:55:34 UTC] PHP Warning:  PHP Startup: Unable to load dynamic library 'php_imagick.dll' (tried: C:/Users/ourzi/AppData/Roaming/Local/lightning-services/php-8.1.23+0/bin/win64/ext\php_imagick.dll (Le module spécifié est introuvable), C:/Users/ourzi/AppData/Roaming/Local/lightning-services/php-8.1.23+0/bin/win64/ext\php_php_imagick.dll.dll (Le module spécifié est introuvable)) in Unknown on line 0
[23-May-2024 10:55:52 UTC] PHP Warning:  PHP Startup: Unable to load dynamic library 'php_imagick.dll' (tried: C:/Users/ourzi/AppData/Roaming/Local/lightning-services/php-8.1.23+0/bin/win64/ext\php_imagick.dll (Le module spécifié est introuvable), C:/Users/ourzi/AppData/Roaming/Local/lightning-services/php-8.1.23+0/bin/win64/ext\php_php_imagick.dll.dll (Le module spécifié est introuvable)) in Unknown on line 0
